<?xml version="1.0" encoding="UTF-8" ?>
<testsuite tests="3" failures="0" name="UserDaoTest" time="0.549" errors="0" skipped="0">
  <properties>
    <property name="java.runtime.name" value="OpenJDK Runtime Environment"/>
    <property name="java.vm.version" value="11.0.5+10-b520.30"/>
    <property name="sun.boot.library.path" value="D:\usr\share\applications\IntelliJ2019\IntelliJ IDEA 2019.3.2\jbr\bin"/>
    <property name="maven.multiModuleProjectDirectory" value="E:\work\Idea-WorkPlace\travel\travel"/>
    <property name="java.vm.vendor" value="JetBrains s.r.o"/>
    <property name="java.vendor.url" value="https://www.jetbrains.com/"/>
    <property name="guice.disable.misplaced.annotation.check" value="true"/>
    <property name="path.separator" value=";"/>
    <property name="java.vm.name" value="OpenJDK 64-Bit Server VM"/>
    <property name="sun.os.patch.level" value=""/>
    <property name="user.script" value=""/>
    <property name="user.country" value="CN"/>
    <property name="sun.java.launcher" value="SUN_STANDARD"/>
    <property name="java.vm.specification.name" value="Java Virtual Machine Specification"/>
    <property name="user.dir" value="E:\work\Idea-WorkPlace\travel\travel"/>
    <property name="java.vm.compressedOopsMode" value="Zero based"/>
    <property name="java.runtime.version" value="11.0.5+10-b520.30"/>
    <property name="java.awt.graphicsenv" value="sun.awt.Win32GraphicsEnvironment"/>
    <property name="os.arch" value="amd64"/>
    <property name="java.io.tmpdir" value="C:\Users\chenj\AppData\Local\Temp\"/>
    <property name="line.separator" value="
"/>
    <property name="java.vm.specification.vendor" value="Oracle Corporation"/>
    <property name="user.variant" value=""/>
    <property name="os.name" value="Windows 10"/>
    <property name="maven.ext.class.path" value="D:\usr\share\applications\IntelliJ2019\IntelliJ IDEA 2019.3.2\plugins\maven\lib\maven-event-listener.jar"/>
    <property name="classworlds.conf" value="D:\usr\local\maven\bin\m2.conf"/>
    <property name="sun.jnu.encoding" value="GBK"/>
    <property name="java.library.path" value="D:\usr\share\applications\IntelliJ2019\IntelliJ IDEA 2019.3.2\jbr\bin;C:\WINDOWS\Sun\Java\bin;C:\WINDOWS\system32;C:\WINDOWS;D:\usr\share\applications\Xftp\;D:\usr\share\applications\Xshell\;C:\Program Files (x86)\Common Files\Oracle\Java\javapath;D:\usr\local\Java\Jdk8\bin;D:\usr\local\Java\Jdk8\jre\bin;C:\Windows\system32;C:\Windows;C:\Windows\System32\Wbem;C:\Windows\System32\WindowsPowerShell\v1.0\;C:\Windows\System32\OpenSSH\;C:\Program Files (x86)\NVIDIA Corporation\PhysX\Common;C:\Program Files\NVIDIA Corporation\NVIDIA NvDLISR;C:\WINDOWS\system32;C:\WINDOWS;C:\WINDOWS\System32\Wbem;C:\WINDOWS\System32\WindowsPowerShell\v1.0\;C:\WINDOWS\System32\OpenSSH\;D:\usr\local\maven\bin;D:\usr\local\tomcat\bin;D:\usr\share\applications\MySQL\bin;%ERLANG_HOME%\bin;D:\usr\share\applications\Git\Git\cmd;C:\Users\chenj\AppData\Local\Microsoft\WindowsApps;;D:\usr\share\applications\IntelliJ2019\IntelliJ IDEA 2019.3.2\bin;;."/>
    <property name="maven.conf" value="D:\usr\local\maven/conf"/>
    <property name="jdk.debug" value="release"/>
    <property name="java.class.version" value="55.0"/>
    <property name="java.specification.name" value="Java Platform API Specification"/>
    <property name="sun.management.compiler" value="HotSpot 64-Bit Tiered Compilers"/>
    <property name="maven.repo.local" value="D:\usr\local\maven\repository"/>
    <property name="os.version" value="10.0"/>
    <property name="idea.version2019.3.2" value="true"/>
    <property name="user.home" value="C:\Users\chenj"/>
    <property name="user.timezone" value="Asia/Shanghai"/>
    <property name="java.awt.printerjob" value="sun.awt.windows.WPrinterJob"/>
    <property name="file.encoding" value="UTF-8"/>
    <property name="java.specification.version" value="11"/>
    <property name="user.name" value="chenj"/>
    <property name="java.class.path" value="D:\usr\local\maven\boot\plexus-classworlds-2.6.0.jar;D:\usr\local\maven\boot\plexus-classworlds.license"/>
    <property name="java.vm.specification.version" value="11"/>
    <property name="sun.arch.data.model" value="64"/>
    <property name="sun.java.command" value="org.codehaus.classworlds.Launcher -Didea.version2019.3.2 -s D:\usr\local\maven\conf\settings.xml -Dmaven.repo.local=D:\usr\local\maven\repository org.apache.tomcat.maven:tomcat7-maven-plugin:2.1:redeploy"/>
    <property name="java.home" value="D:\usr\share\applications\IntelliJ2019\IntelliJ IDEA 2019.3.2\jbr"/>
    <property name="user.language" value="zh"/>
    <property name="java.specification.vendor" value="Oracle Corporation"/>
    <property name="awt.toolkit" value="sun.awt.windows.WToolkit"/>
    <property name="java.vm.info" value="mixed mode, sharing"/>
    <property name="java.version" value="11.0.5"/>
    <property name="java.vendor" value="JetBrains s.r.o"/>
    <property name="maven.home" value="D:\usr\local\maven"/>
    <property name="file.separator" value="\"/>
    <property name="java.version.date" value="2019-10-15"/>
    <property name="java.vendor.url.bug" value="https://youtrack.jetbrains.com"/>
    <property name="sun.io.unicode.encoding" value="UnicodeLittle"/>
    <property name="sun.cpu.endian" value="little"/>
    <property name="sun.desktop" value="windows"/>
    <property name="sun.cpu.isalist" value="amd64"/>
  </properties>
  <testcase classname="UserDaoTest" name="testUserService" time="0.533"/>
  <testcase classname="UserDaoTest" name="testInsert" time="0.007"/>
  <testcase classname="UserDaoTest" name="testSelect" time="0.009"/>
</testsuite>